# JRE version: OpenJDK Runtime Environment (7.0_75-b13) (build 1.7.0_75-b13)
# Java VM: OpenJDK 64-Bit Server VM (24.75-b04 mixed mode linux-amd64 compressed oops)
Heap
 def new generation   total 17600K, used 0K [0x00000000d6800000, 0x00000000d7b10000, 0x00000000e0e00000)
  eden space 15680K,   0% used [0x00000000d6800000, 0x00000000d6800000, 0x00000000d7750000)
  from space 1920K,   0% used [0x00000000d7930000, 0x00000000d7930000, 0x00000000d7b10000)
  to   space 1920K,   0% used [0x00000000d7750000, 0x00000000d7750000, 0x00000000d7930000)
 tenured generation   total 41284K, used 39769K [0x00000000e0e00000, 0x00000000e3651000, 0x00000000f5a00000)
   the space 41284K,  96% used [0x00000000e0e00000, 0x00000000e34d6698, 0x00000000e34d6800, 0x00000000e3651000)
 compacting perm gen  total 21248K, used 14268K [0x00000000f5a00000, 0x00000000f6ec0000, 0x0000000100000000)
   the space 21248K,  67% used [0x00000000f5a00000, 0x00000000f67ef150, 0x00000000f67ef200, 0x00000000f6ec0000)
GC Heap History (10 events):
Event: 10.941 GC heap after
Heap after GC invocations=93 (full 3):
 def new generation   total 17600K, used 1017K [0x00000000d6800000, 0x00000000d7b10000, 0x00000000e0e00000)
  eden space 15680K,   0% used [0x00000000d6800000, 0x00000000d6800000, 0x00000000d7750000)
  from space 1920K,  53% used [0x00000000d7750000, 0x00000000d784e680, 0x00000000d7930000)
  to   space 1920K,   0% used [0x00000000d7930000, 0x00000000d7930000, 0x00000000d7b10000)
 tenured generation   total 38980K, used 32922K [0x00000000e0e00000, 0x00000000e3411000, 0x00000000f5a00000)
   the space 38980K,  84% used [0x00000000e0e00000, 0x00000000e2e26b08, 0x00000000e2e26c00, 0x00000000e3411000)
 compacting perm gen  total 21248K, used 10908K [0x00000000f5a00000, 0x00000000f6ec0000, 0x0000000100000000)
   the space 21248K,  51% used [0x00000000f5a00000, 0x00000000f64a71b8, 0x00000000f64a7200, 0x00000000f6ec0000)
No shared spaces configured.
}
Event: 11.023 GC heap before
{Heap before GC invocations=93 (full 3):
 def new generation   total 17600K, used 16697K [0x00000000d6800000, 0x00000000d7b10000, 0x00000000e0e00000)
  eden space 15680K, 100% used [0x00000000d6800000, 0x00000000d7750000, 0x00000000d7750000)
  from space 1920K,  53% used [0x00000000d7750000, 0x00000000d784e680, 0x00000000d7930000)
  to   space 1920K,   0% used [0x00000000d7930000, 0x00000000d7930000, 0x00000000d7b10000)
 tenured generation   total 38980K, used 32922K [0x00000000e0e00000, 0x00000000e3411000, 0x00000000f5a00000)
   the space 38980K,  84% used [0x00000000e0e00000, 0x00000000e2e26b08, 0x00000000e2e26c00, 0x00000000e3411000)
 compacting perm gen  total 21248K, used 10908K [0x00000000f5a00000, 0x00000000f6ec0000, 0x0000000100000000)
   the space 21248K,  51% used [0x00000000f5a00000, 0x00000000f64a71b8, 0x00000000f64a7200, 0x00000000f6ec0000)
No shared spaces configured.
Event: 11.029 GC heap after
Heap after GC invocations=94 (full 3):
 def new generation   total 17600K, used 1016K [0x00000000d6800000, 0x00000000d7b10000, 0x00000000e0e00000)
  eden space 15680K,   0% used [0x00000000d6800000, 0x00000000d6800000, 0x00000000d7750000)
  from space 1920K,  52% used [0x00000000d7930000, 0x00000000d7a2e218, 0x00000000d7b10000)
  to   space 1920K,   0% used [0x00000000d7750000, 0x00000000d7750000, 0x00000000d7930000)
 tenured generation   total 38980K, used 33408K [0x00000000e0e00000, 0x00000000e3411000, 0x00000000f5a00000)
   the space 38980K,  85% used [0x00000000e0e00000, 0x00000000e2ea03d8, 0x00000000e2ea0400, 0x00000000e3411000)
 compacting perm gen  total 21248K, used 10908K [0x00000000f5a00000, 0x00000000f6ec0000, 0x0000000100000000)
   the space 21248K,  51% used [0x00000000f5a00000, 0x00000000f64a71b8, 0x00000000f64a7200, 0x00000000f6ec0000)
No shared spaces configured.
}
Event: 11.163 GC heap before
{Heap before GC invocations=94 (full 3):
 def new generation   total 17600K, used 16696K [0x00000000d6800000, 0x00000000d7b10000, 0x00000000e0e00000)
  eden space 15680K, 100% used [0x00000000d6800000, 0x00000000d7750000, 0x00000000d7750000)
  from space 1920K,  52% used [0x00000000d7930000, 0x00000000d7a2e218, 0x00000000d7b10000)
  to   space 1920K,   0% used [0x00000000d7750000, 0x00000000d7750000, 0x00000000d7930000)
 tenured generation   total 38980K, used 33408K [0x00000000e0e00000, 0x00000000e3411000, 0x00000000f5a00000)
   the space 38980K,  85% used [0x00000000e0e00000, 0x00000000e2ea03d8, 0x00000000e2ea0400, 0x00000000e3411000)
 compacting perm gen  total 21248K, used 10908K [0x00000000f5a00000, 0x00000000f6ec0000, 0x0000000100000000)
   the space 21248K,  51% used [0x00000000f5a00000, 0x00000000f64a71d8, 0x00000000f64a7200, 0x00000000f6ec0000)
No shared spaces configured.
Event: 11.170 GC heap after
Heap after GC invocations=95 (full 3):
 def new generation   total 17600K, used 1182K [0x00000000d6800000, 0x00000000d7b10000, 0x00000000e0e00000)
  eden space 15680K,   0% used [0x00000000d6800000, 0x00000000d6800000, 0x00000000d7750000)
  from space 1920K,  61% used [0x00000000d7750000, 0x00000000d7877a50, 0x00000000d7930000)
  to   space 1920K,   0% used [0x00000000d7930000, 0x00000000d7930000, 0x00000000d7b10000)
 tenured generation   total 38980K, used 33931K [0x00000000e0e00000, 0x00000000e3411000, 0x00000000f5a00000)
   the space 38980K,  87% used [0x00000000e0e00000, 0x00000000e2f22fc8, 0x00000000e2f23000, 0x00000000e3411000)
 compacting perm gen  total 21248K, used 10908K [0x00000000f5a00000, 0x00000000f6ec0000, 0x0000000100000000)
   the space 21248K,  51% used [0x00000000f5a00000, 0x00000000f64a71d8, 0x00000000f64a7200, 0x00000000f6ec0000)
No shared spaces configured.
}
Event: 11.490 GC heap before
{Heap before GC invocations=95 (full 3):
 def new generation   total 17600K, used 16862K [0x00000000d6800000, 0x00000000d7b10000, 0x00000000e0e00000)
  eden space 15680K, 100% used [0x00000000d6800000, 0x00000000d7750000, 0x00000000d7750000)
  from space 1920K,  61% used [0x00000000d7750000, 0x00000000d7877a50, 0x00000000d7930000)
  to   space 1920K,   0% used [0x00000000d7930000, 0x00000000d7930000, 0x00000000d7b10000)
 tenured generation   total 38980K, used 33931K [0x00000000e0e00000, 0x00000000e3411000, 0x00000000f5a00000)
   the space 38980K,  87% used [0x00000000e0e00000, 0x00000000e2f22fc8, 0x00000000e2f23000, 0x00000000e3411000)
 compacting perm gen  total 21248K, used 10909K [0x00000000f5a00000, 0x00000000f6ec0000, 0x0000000100000000)
   the space 21248K,  51% used [0x00000000f5a00000, 0x00000000f64a74e0, 0x00000000f64a7600, 0x00000000f6ec0000)
No shared spaces configured.
Event: 11.509 GC heap after
Heap after GC invocations=96 (full 3):
 def new generation   total 17600K, used 1919K [0x00000000d6800000, 0x00000000d7b10000, 0x00000000e0e00000)
  eden space 15680K,   0% used [0x00000000d6800000, 0x00000000d6800000, 0x00000000d7750000)
  from space 1920K,  99% used [0x00000000d7930000, 0x00000000d7b0fff0, 0x00000000d7b10000)
  to   space 1920K,   0% used [0x00000000d7750000, 0x00000000d7750000, 0x00000000d7930000)
 tenured generation   total 38980K, used 34701K [0x00000000e0e00000, 0x00000000e3411000, 0x00000000f5a00000)
   the space 38980K,  89% used [0x00000000e0e00000, 0x00000000e2fe3508, 0x00000000e2fe3600, 0x00000000e3411000)
 compacting perm gen  total 21248K, used 10909K [0x00000000f5a00000, 0x00000000f6ec0000, 0x0000000100000000)
   the space 21248K,  51% used [0x00000000f5a00000, 0x00000000f64a74e0, 0x00000000f64a7600, 0x00000000f6ec0000)
No shared spaces configured.
}
Event: 12.467 GC heap before
{Heap before GC invocations=96 (full 3):
 def new generation   total 17600K, used 17599K [0x00000000d6800000, 0x00000000d7b10000, 0x00000000e0e00000)
  eden space 15680K, 100% used [0x00000000d6800000, 0x00000000d7750000, 0x00000000d7750000)
  from space 1920K,  99% used [0x00000000d7930000, 0x00000000d7b0fff0, 0x00000000d7b10000)
  to   space 1920K,   0% used [0x00000000d7750000, 0x00000000d7750000, 0x00000000d7930000)
 tenured generation   total 38980K, used 34701K [0x00000000e0e00000, 0x00000000e3411000, 0x00000000f5a00000)
   the space 38980K,  89% used [0x00000000e0e00000, 0x00000000e2fe3508, 0x00000000e2fe3600, 0x00000000e3411000)
 compacting perm gen  total 21248K, used 13999K [0x00000000f5a00000, 0x00000000f6ec0000, 0x0000000100000000)
   the space 21248K,  65% used [0x00000000f5a00000, 0x00000000f67abc30, 0x00000000f67abe00, 0x00000000f6ec0000)
No shared spaces configured.
Event: 12.485 GC heap after
Heap after GC invocations=97 (full 3):
 def new generation   total 17600K, used 1919K [0x00000000d6800000, 0x00000000d7b10000, 0x00000000e0e00000)
  eden space 15680K,   0% used [0x00000000d6800000, 0x00000000d6800000, 0x00000000d7750000)
  from space 1920K,  99% used [0x00000000d7750000, 0x00000000d792fff8, 0x00000000d7930000)
  to   space 1920K,   0% used [0x00000000d7930000, 0x00000000d7930000, 0x00000000d7b10000)
 tenured generation   total 38980K, used 38272K [0x00000000e0e00000, 0x00000000e3411000, 0x00000000f5a00000)
   the space 38980K,  98% used [0x00000000e0e00000, 0x00000000e3360328, 0x00000000e3360400, 0x00000000e3411000)
 compacting perm gen  total 21248K, used 13999K [0x00000000f5a00000, 0x00000000f6ec0000, 0x0000000100000000)
   the space 21248K,  65% used [0x00000000f5a00000, 0x00000000f67abc30, 0x00000000f67abe00, 0x00000000f6ec0000)
No shared spaces configured.
}
Event: 14.224 GC heap before
{Heap before GC invocations=97 (full 3):
 def new generation   total 17600K, used 17599K [0x00000000d6800000, 0x00000000d7b10000, 0x00000000e0e00000)
  eden space 15680K, 100% used [0x00000000d6800000, 0x00000000d7750000, 0x00000000d7750000)
  from space 1920K,  99% used [0x00000000d7750000, 0x00000000d792fff8, 0x00000000d7930000)
  to   space 1920K,   0% used [0x00000000d7930000, 0x00000000d7930000, 0x00000000d7b10000)
 tenured generation   total 38980K, used 38272K [0x00000000e0e00000, 0x00000000e3411000, 0x00000000f5a00000)
   the space 38980K,  98% used [0x00000000e0e00000, 0x00000000e3360328, 0x00000000e3360400, 0x00000000e3411000)
 compacting perm gen  total 21248K, used 14287K [0x00000000f5a00000, 0x00000000f6ec0000, 0x0000000100000000)
   the space 21248K,  67% used [0x00000000f5a00000, 0x00000000f67f3e68, 0x00000000f67f4000, 0x00000000f6ec0000)
No shared spaces configured.

