# JRE version: OpenJDK Runtime Environment (7.0_75-b13) (build 1.7.0_75-b13)
# Java VM: OpenJDK 64-Bit Server VM (24.75-b04 mixed mode linux-amd64 compressed oops)
Heap
 def new generation   total 6080K, used 0K [0x00000000d6800000, 0x00000000d6e90000, 0x00000000e0e00000)
  eden space 5440K,   0% used [0x00000000d6800000, 0x00000000d6800000, 0x00000000d6d50000)
  from space 640K,   0% used [0x00000000d6d50000, 0x00000000d6d50000, 0x00000000d6df0000)
  to   space 640K,   0% used [0x00000000d6df0000, 0x00000000d6df0000, 0x00000000d6e90000)
 tenured generation   total 14480K, used 9824K [0x00000000e0e00000, 0x00000000e1c24000, 0x00000000f5a00000)
   the space 14480K,  67% used [0x00000000e0e00000, 0x00000000e1798008, 0x00000000e1798200, 0x00000000e1c24000)
 compacting perm gen  total 21248K, used 19070K [0x00000000f5a00000, 0x00000000f6ec0000, 0x0000000100000000)
   the space 21248K,  89% used [0x00000000f5a00000, 0x00000000f6c9f820, 0x00000000f6c9fa00, 0x00000000f6ec0000)
GC Heap History (10 events):
Event: 5.270 GC heap after
Heap after GC invocations=15 (full 1):
 def new generation   total 6080K, used 639K [0x00000000d6800000, 0x00000000d6e90000, 0x00000000e0e00000)
  eden space 5440K,   0% used [0x00000000d6800000, 0x00000000d6800000, 0x00000000d6d50000)
  from space 640K,  99% used [0x00000000d6df0000, 0x00000000d6e8fff8, 0x00000000d6e90000)
  to   space 640K,   0% used [0x00000000d6d50000, 0x00000000d6d50000, 0x00000000d6df0000)
 tenured generation   total 13328K, used 8622K [0x00000000e0e00000, 0x00000000e1b04000, 0x00000000f5a00000)
   the space 13328K,  64% used [0x00000000e0e00000, 0x00000000e166b8b8, 0x00000000e166ba00, 0x00000000e1b04000)
 compacting perm gen  total 21248K, used 14298K [0x00000000f5a00000, 0x00000000f6ec0000, 0x0000000100000000)
   the space 21248K,  67% used [0x00000000f5a00000, 0x00000000f67f6aa8, 0x00000000f67f6c00, 0x00000000f6ec0000)
No shared spaces configured.
}
Event: 5.476 GC heap before
{Heap before GC invocations=15 (full 1):
 def new generation   total 6080K, used 6079K [0x00000000d6800000, 0x00000000d6e90000, 0x00000000e0e00000)
  eden space 5440K, 100% used [0x00000000d6800000, 0x00000000d6d50000, 0x00000000d6d50000)
  from space 640K,  99% used [0x00000000d6df0000, 0x00000000d6e8fff8, 0x00000000d6e90000)
  to   space 640K,   0% used [0x00000000d6d50000, 0x00000000d6d50000, 0x00000000d6df0000)
 tenured generation   total 13328K, used 8622K [0x00000000e0e00000, 0x00000000e1b04000, 0x00000000f5a00000)
   the space 13328K,  64% used [0x00000000e0e00000, 0x00000000e166b8b8, 0x00000000e166ba00, 0x00000000e1b04000)
 compacting perm gen  total 21248K, used 14317K [0x00000000f5a00000, 0x00000000f6ec0000, 0x0000000100000000)
   the space 21248K,  67% used [0x00000000f5a00000, 0x00000000f67fb7d8, 0x00000000f67fb800, 0x00000000f6ec0000)
No shared spaces configured.
Event: 5.478 GC heap after
Heap after GC invocations=16 (full 1):
 def new generation   total 6080K, used 598K [0x00000000d6800000, 0x00000000d6e90000, 0x00000000e0e00000)
  eden space 5440K,   0% used [0x00000000d6800000, 0x00000000d6800000, 0x00000000d6d50000)
  from space 640K,  93% used [0x00000000d6d50000, 0x00000000d6de5808, 0x00000000d6df0000)
  to   space 640K,   0% used [0x00000000d6df0000, 0x00000000d6df0000, 0x00000000d6e90000)
 tenured generation   total 13328K, used 9116K [0x00000000e0e00000, 0x00000000e1b04000, 0x00000000f5a00000)
   the space 13328K,  68% used [0x00000000e0e00000, 0x00000000e16e73d0, 0x00000000e16e7400, 0x00000000e1b04000)
 compacting perm gen  total 21248K, used 14317K [0x00000000f5a00000, 0x00000000f6ec0000, 0x0000000100000000)
   the space 21248K,  67% used [0x00000000f5a00000, 0x00000000f67fb7d8, 0x00000000f67fb800, 0x00000000f6ec0000)
No shared spaces configured.
}
Event: 5.611 GC heap before
{Heap before GC invocations=16 (full 1):
 def new generation   total 6080K, used 5527K [0x00000000d6800000, 0x00000000d6e90000, 0x00000000e0e00000)
  eden space 5440K,  90% used [0x00000000d6800000, 0x00000000d6cd0448, 0x00000000d6d50000)
  from space 640K,  93% used [0x00000000d6d50000, 0x00000000d6de5808, 0x00000000d6df0000)
  to   space 640K,   0% used [0x00000000d6df0000, 0x00000000d6df0000, 0x00000000d6e90000)
 tenured generation   total 13328K, used 9116K [0x00000000e0e00000, 0x00000000e1b04000, 0x00000000f5a00000)
   the space 13328K,  68% used [0x00000000e0e00000, 0x00000000e16e73d0, 0x00000000e16e7400, 0x00000000e1b04000)
 compacting perm gen  total 21248K, used 14364K [0x00000000f5a00000, 0x00000000f6ec0000, 0x0000000100000000)
   the space 21248K,  67% used [0x00000000f5a00000, 0x00000000f6807118, 0x00000000f6807200, 0x00000000f6ec0000)
No shared spaces configured.
Event: 5.612 GC heap after
Heap after GC invocations=17 (full 1):
 def new generation   total 6080K, used 82K [0x00000000d6800000, 0x00000000d6e90000, 0x00000000e0e00000)
  eden space 5440K,   0% used [0x00000000d6800000, 0x00000000d6800000, 0x00000000d6d50000)
  from space 640K,  12% used [0x00000000d6df0000, 0x00000000d6e04810, 0x00000000d6e90000)
  to   space 640K,   0% used [0x00000000d6d50000, 0x00000000d6d50000, 0x00000000d6df0000)
 tenured generation   total 13328K, used 10288K [0x00000000e0e00000, 0x00000000e1b04000, 0x00000000f5a00000)
   the space 13328K,  77% used [0x00000000e0e00000, 0x00000000e180c300, 0x00000000e180c400, 0x00000000e1b04000)
 compacting perm gen  total 21248K, used 14364K [0x00000000f5a00000, 0x00000000f6ec0000, 0x0000000100000000)
   the space 21248K,  67% used [0x00000000f5a00000, 0x00000000f6807118, 0x00000000f6807200, 0x00000000f6ec0000)
No shared spaces configured.
}
Event: 5.788 GC heap before
{Heap before GC invocations=17 (full 1):
 def new generation   total 6080K, used 5522K [0x00000000d6800000, 0x00000000d6e90000, 0x00000000e0e00000)
  eden space 5440K, 100% used [0x00000000d6800000, 0x00000000d6d50000, 0x00000000d6d50000)
  from space 640K,  12% used [0x00000000d6df0000, 0x00000000d6e04810, 0x00000000d6e90000)
  to   space 640K,   0% used [0x00000000d6d50000, 0x00000000d6d50000, 0x00000000d6df0000)
 tenured generation   total 13328K, used 10288K [0x00000000e0e00000, 0x00000000e1b04000, 0x00000000f5a00000)
   the space 13328K,  77% used [0x00000000e0e00000, 0x00000000e180c300, 0x00000000e180c400, 0x00000000e1b04000)
 compacting perm gen  total 21248K, used 15811K [0x00000000f5a00000, 0x00000000f6ec0000, 0x0000000100000000)
   the space 21248K,  74% used [0x00000000f5a00000, 0x00000000f6970f28, 0x00000000f6971000, 0x00000000f6ec0000)
No shared spaces configured.
Event: 5.791 GC heap after
Heap after GC invocations=18 (full 1):
 def new generation   total 6080K, used 640K [0x00000000d6800000, 0x00000000d6e90000, 0x00000000e0e00000)
  eden space 5440K,   0% used [0x00000000d6800000, 0x00000000d6800000, 0x00000000d6d50000)
  from space 640K, 100% used [0x00000000d6d50000, 0x00000000d6df0000, 0x00000000d6df0000)
  to   space 640K,   0% used [0x00000000d6df0000, 0x00000000d6df0000, 0x00000000d6e90000)
 tenured generation   total 13328K, used 11705K [0x00000000e0e00000, 0x00000000e1b04000, 0x00000000f5a00000)
   the space 13328K,  87% used [0x00000000e0e00000, 0x00000000e196e598, 0x00000000e196e600, 0x00000000e1b04000)
 compacting perm gen  total 21248K, used 15811K [0x00000000f5a00000, 0x00000000f6ec0000, 0x0000000100000000)
   the space 21248K,  74% used [0x00000000f5a00000, 0x00000000f6970f28, 0x00000000f6971000, 0x00000000f6ec0000)
No shared spaces configured.
}
Event: 6.269 GC heap before
{Heap before GC invocations=18 (full 1):
 def new generation   total 6080K, used 6080K [0x00000000d6800000, 0x00000000d6e90000, 0x00000000e0e00000)
  eden space 5440K, 100% used [0x00000000d6800000, 0x00000000d6d50000, 0x00000000d6d50000)
  from space 640K, 100% used [0x00000000d6d50000, 0x00000000d6df0000, 0x00000000d6df0000)
  to   space 640K,   0% used [0x00000000d6df0000, 0x00000000d6df0000, 0x00000000d6e90000)
 tenured generation   total 13328K, used 11705K [0x00000000e0e00000, 0x00000000e1b04000, 0x00000000f5a00000)
   the space 13328K,  87% used [0x00000000e0e00000, 0x00000000e196e598, 0x00000000e196e600, 0x00000000e1b04000)
 compacting perm gen  total 21248K, used 17644K [0x00000000f5a00000, 0x00000000f6ec0000, 0x0000000100000000)
   the space 21248K,  83% used [0x00000000f5a00000, 0x00000000f6b3b3b8, 0x00000000f6b3b400, 0x00000000f6ec0000)
No shared spaces configured.
Event: 6.278 GC heap after
Heap after GC invocations=19 (full 1):
 def new generation   total 6080K, used 639K [0x00000000d6800000, 0x00000000d6e90000, 0x00000000e0e00000)
  eden space 5440K,   0% used [0x00000000d6800000, 0x00000000d6800000, 0x00000000d6d50000)
  from space 640K,  99% used [0x00000000d6df0000, 0x00000000d6e8fff8, 0x00000000d6e90000)
  to   space 640K,   0% used [0x00000000d6d50000, 0x00000000d6d50000, 0x00000000d6df0000)
 tenured generation   total 13328K, used 12968K [0x00000000e0e00000, 0x00000000e1b04000, 0x00000000f5a00000)
   the space 13328K,  97% used [0x00000000e0e00000, 0x00000000e1aaa1e0, 0x00000000e1aaa200, 0x00000000e1b04000)
 compacting perm gen  total 21248K, used 17644K [0x00000000f5a00000, 0x00000000f6ec0000, 0x0000000100000000)
   the space 21248K,  83% used [0x00000000f5a00000, 0x00000000f6b3b3b8, 0x00000000f6b3b400, 0x00000000f6ec0000)
No shared spaces configured.
}
Event: 6.666 GC heap before
{Heap before GC invocations=19 (full 1):
 def new generation   total 6080K, used 6079K [0x00000000d6800000, 0x00000000d6e90000, 0x00000000e0e00000)
  eden space 5440K, 100% used [0x00000000d6800000, 0x00000000d6d50000, 0x00000000d6d50000)
  from space 640K,  99% used [0x00000000d6df0000, 0x00000000d6e8fff8, 0x00000000d6e90000)
  to   space 640K,   0% used [0x00000000d6d50000, 0x00000000d6d50000, 0x00000000d6df0000)
 tenured generation   total 13328K, used 12968K [0x00000000e0e00000, 0x00000000e1b04000, 0x00000000f5a00000)
   the space 13328K,  97% used [0x00000000e0e00000, 0x00000000e1aaa1e0, 0x00000000e1aaa200, 0x00000000e1b04000)
 compacting perm gen  total 21248K, used 19070K [0x00000000f5a00000, 0x00000000f6ec0000, 0x0000000100000000)
   the space 21248K,  89% used [0x00000000f5a00000, 0x00000000f6c9f820, 0x00000000f6c9fa00, 0x00000000f6ec0000)
No shared spaces configured.

