# JRE version: OpenJDK Runtime Environment (7.0_75-b13) (build 1.7.0_75-b13)
# Java VM: OpenJDK 64-Bit Server VM (24.75-b04 mixed mode linux-amd64 compressed oops)
Heap
 def new generation   total 16640K, used 0K [0x00000000d6800000, 0x00000000d7a00000, 0x00000000e0e00000)
  eden space 14848K,   0% used [0x00000000d6800000, 0x00000000d6800000, 0x00000000d7680000)
  from space 1792K,   0% used [0x00000000d7680000, 0x00000000d7680000, 0x00000000d7840000)
  to   space 1792K,   0% used [0x00000000d7840000, 0x00000000d7840000, 0x00000000d7a00000)
 tenured generation   total 38764K, used 26781K [0x00000000e0e00000, 0x00000000e33db000, 0x00000000f5a00000)
   the space 38764K,  69% used [0x00000000e0e00000, 0x00000000e2827538, 0x00000000e2827600, 0x00000000e33db000)
 compacting perm gen  total 21568K, used 21342K [0x00000000f5a00000, 0x00000000f6f10000, 0x0000000100000000)
   the space 21568K,  98% used [0x00000000f5a00000, 0x00000000f6ed78d0, 0x00000000f6ed7a00, 0x00000000f6f10000)
GC Heap History (10 events):
Event: 27.855 GC heap after
Heap after GC invocations=542 (full 5):
 def new generation   total 16640K, used 664K [0x00000000d6800000, 0x00000000d7a00000, 0x00000000e0e00000)
  eden space 14848K,   0% used [0x00000000d6800000, 0x00000000d6800000, 0x00000000d7680000)
  from space 1792K,  37% used [0x00000000d7840000, 0x00000000d78e6018, 0x00000000d7a00000)
  to   space 1792K,   0% used [0x00000000d7680000, 0x00000000d7680000, 0x00000000d7840000)
 tenured generation   total 36784K, used 25026K [0x00000000e0e00000, 0x00000000e31ec000, 0x00000000f5a00000)
   the space 36784K,  68% used [0x00000000e0e00000, 0x00000000e2670a90, 0x00000000e2670c00, 0x00000000e31ec000)
 compacting perm gen  total 21568K, used 21342K [0x00000000f5a00000, 0x00000000f6f10000, 0x0000000100000000)
   the space 21568K,  98% used [0x00000000f5a00000, 0x00000000f6ed78d0, 0x00000000f6ed7a00, 0x00000000f6f10000)
No shared spaces configured.
}
Event: 27.883 GC heap before
{Heap before GC invocations=542 (full 5):
 def new generation   total 16640K, used 15304K [0x00000000d6800000, 0x00000000d7a00000, 0x00000000e0e00000)
  eden space 14848K,  98% used [0x00000000d6800000, 0x00000000d764c3a8, 0x00000000d7680000)
  from space 1792K,  37% used [0x00000000d7840000, 0x00000000d78e6018, 0x00000000d7a00000)
  to   space 1792K,   0% used [0x00000000d7680000, 0x00000000d7680000, 0x00000000d7840000)
 tenured generation   total 36784K, used 25026K [0x00000000e0e00000, 0x00000000e31ec000, 0x00000000f5a00000)
   the space 36784K,  68% used [0x00000000e0e00000, 0x00000000e2670a90, 0x00000000e2670c00, 0x00000000e31ec000)
 compacting perm gen  total 21568K, used 21342K [0x00000000f5a00000, 0x00000000f6f10000, 0x0000000100000000)
   the space 21568K,  98% used [0x00000000f5a00000, 0x00000000f6ed78d0, 0x00000000f6ed7a00, 0x00000000f6f10000)
No shared spaces configured.
Event: 27.883 GC heap after
Heap after GC invocations=543 (full 5):
 def new generation   total 16640K, used 835K [0x00000000d6800000, 0x00000000d7a00000, 0x00000000e0e00000)
  eden space 14848K,   0% used [0x00000000d6800000, 0x00000000d6800000, 0x00000000d7680000)
  from space 1792K,  46% used [0x00000000d7680000, 0x00000000d7750e48, 0x00000000d7840000)
  to   space 1792K,   0% used [0x00000000d7840000, 0x00000000d7840000, 0x00000000d7a00000)
 tenured generation   total 36784K, used 25026K [0x00000000e0e00000, 0x00000000e31ec000, 0x00000000f5a00000)
   the space 36784K,  68% used [0x00000000e0e00000, 0x00000000e2670a90, 0x00000000e2670c00, 0x00000000e31ec000)
 compacting perm gen  total 21568K, used 21342K [0x00000000f5a00000, 0x00000000f6f10000, 0x0000000100000000)
   the space 21568K,  98% used [0x00000000f5a00000, 0x00000000f6ed78d0, 0x00000000f6ed7a00, 0x00000000f6f10000)
No shared spaces configured.
}
Event: 27.907 GC heap before
{Heap before GC invocations=543 (full 5):
 def new generation   total 16640K, used 15385K [0x00000000d6800000, 0x00000000d7a00000, 0x00000000e0e00000)
  eden space 14848K,  97% used [0x00000000d6800000, 0x00000000d76355c0, 0x00000000d7680000)
  from space 1792K,  46% used [0x00000000d7680000, 0x00000000d7750e48, 0x00000000d7840000)
  to   space 1792K,   0% used [0x00000000d7840000, 0x00000000d7840000, 0x00000000d7a00000)
 tenured generation   total 36784K, used 25026K [0x00000000e0e00000, 0x00000000e31ec000, 0x00000000f5a00000)
   the space 36784K,  68% used [0x00000000e0e00000, 0x00000000e2670a90, 0x00000000e2670c00, 0x00000000e31ec000)
 compacting perm gen  total 21568K, used 21342K [0x00000000f5a00000, 0x00000000f6f10000, 0x0000000100000000)
   the space 21568K,  98% used [0x00000000f5a00000, 0x00000000f6ed78d0, 0x00000000f6ed7a00, 0x00000000f6f10000)
No shared spaces configured.
Event: 27.909 GC heap after
Heap after GC invocations=544 (full 5):
 def new generation   total 16640K, used 1593K [0x00000000d6800000, 0x00000000d7a00000, 0x00000000e0e00000)
  eden space 14848K,   0% used [0x00000000d6800000, 0x00000000d6800000, 0x00000000d7680000)
  from space 1792K,  88% used [0x00000000d7840000, 0x00000000d79ce6f0, 0x00000000d7a00000)
  to   space 1792K,   0% used [0x00000000d7680000, 0x00000000d7680000, 0x00000000d7840000)
 tenured generation   total 36784K, used 27377K [0x00000000e0e00000, 0x00000000e31ec000, 0x00000000f5a00000)
   the space 36784K,  74% used [0x00000000e0e00000, 0x00000000e28bc428, 0x00000000e28bc600, 0x00000000e31ec000)
 compacting perm gen  total 21568K, used 21342K [0x00000000f5a00000, 0x00000000f6f10000, 0x0000000100000000)
   the space 21568K,  98% used [0x00000000f5a00000, 0x00000000f6ed78d0, 0x00000000f6ed7a00, 0x00000000f6f10000)
No shared spaces configured.
}
Event: 27.925 GC heap before
{Heap before GC invocations=544 (full 5):
 def new generation   total 16640K, used 16092K [0x00000000d6800000, 0x00000000d7a00000, 0x00000000e0e00000)
  eden space 14848K,  97% used [0x00000000d6800000, 0x00000000d7628b38, 0x00000000d7680000)
  from space 1792K,  88% used [0x00000000d7840000, 0x00000000d79ce6f0, 0x00000000d7a00000)
  to   space 1792K,   0% used [0x00000000d7680000, 0x00000000d7680000, 0x00000000d7840000)
 tenured generation   total 36784K, used 27377K [0x00000000e0e00000, 0x00000000e31ec000, 0x00000000f5a00000)
   the space 36784K,  74% used [0x00000000e0e00000, 0x00000000e28bc428, 0x00000000e28bc600, 0x00000000e31ec000)
 compacting perm gen  total 21568K, used 21342K [0x00000000f5a00000, 0x00000000f6f10000, 0x0000000100000000)
   the space 21568K,  98% used [0x00000000f5a00000, 0x00000000f6ed78d0, 0x00000000f6ed7a00, 0x00000000f6f10000)
No shared spaces configured.
Event: 27.937 GC heap after
Heap after GC invocations=545 (full 5):
 def new generation   total 16640K, used 665K [0x00000000d6800000, 0x00000000d7a00000, 0x00000000e0e00000)
  eden space 14848K,   0% used [0x00000000d6800000, 0x00000000d6800000, 0x00000000d7680000)
  from space 1792K,  37% used [0x00000000d7680000, 0x00000000d7726548, 0x00000000d7840000)
  to   space 1792K,   0% used [0x00000000d7840000, 0x00000000d7840000, 0x00000000d7a00000)
 tenured generation   total 36784K, used 29352K [0x00000000e0e00000, 0x00000000e31ec000, 0x00000000f5a00000)
   the space 36784K,  79% used [0x00000000e0e00000, 0x00000000e2aaa0e0, 0x00000000e2aaa200, 0x00000000e31ec000)
 compacting perm gen  total 21568K, used 21342K [0x00000000f5a00000, 0x00000000f6f10000, 0x0000000100000000)
   the space 21568K,  98% used [0x00000000f5a00000, 0x00000000f6ed78d0, 0x00000000f6ed7a00, 0x00000000f6f10000)
No shared spaces configured.
}
Event: 27.950 GC heap before
{Heap before GC invocations=545 (full 5):
 def new generation   total 16640K, used 13930K [0x00000000d6800000, 0x00000000d7a00000, 0x00000000e0e00000)
  eden space 14848K,  89% used [0x00000000d6800000, 0x00000000d74f44b8, 0x00000000d7680000)
  from space 1792K,  37% used [0x00000000d7680000, 0x00000000d7726548, 0x00000000d7840000)
  to   space 1792K,   0% used [0x00000000d7840000, 0x00000000d7840000, 0x00000000d7a00000)
 tenured generation   total 36784K, used 29352K [0x00000000e0e00000, 0x00000000e31ec000, 0x00000000f5a00000)
   the space 36784K,  79% used [0x00000000e0e00000, 0x00000000e2aaa0e0, 0x00000000e2aaa200, 0x00000000e31ec000)
 compacting perm gen  total 21568K, used 21342K [0x00000000f5a00000, 0x00000000f6f10000, 0x0000000100000000)
   the space 21568K,  98% used [0x00000000f5a00000, 0x00000000f6ed78d0, 0x00000000f6ed7a00, 0x00000000f6f10000)
No shared spaces configured.
Event: 27.955 GC heap after
Heap after GC invocations=546 (full 5):
 def new generation   total 16640K, used 0K [0x00000000d6800000, 0x00000000d7a00000, 0x00000000e0e00000)
  eden space 14848K,   0% used [0x00000000d6800000, 0x00000000d6800000, 0x00000000d7680000)
  from space 1792K,   0% used [0x00000000d7840000, 0x00000000d78403f8, 0x00000000d7a00000)
  to   space 1792K,   0% used [0x00000000d7680000, 0x00000000d7680000, 0x00000000d7840000)
 tenured generation   total 36784K, used 35095K [0x00000000e0e00000, 0x00000000e31ec000, 0x00000000f5a00000)
   the space 36784K,  95% used [0x00000000e0e00000, 0x00000000e3045f98, 0x00000000e3046000, 0x00000000e31ec000)
 compacting perm gen  total 21568K, used 21342K [0x00000000f5a00000, 0x00000000f6f10000, 0x0000000100000000)
   the space 21568K,  98% used [0x00000000f5a00000, 0x00000000f6ed78d0, 0x00000000f6ed7a00, 0x00000000f6f10000)
No shared spaces configured.
}
Event: 27.970 GC heap before
{Heap before GC invocations=546 (full 5):
 def new generation   total 16640K, used 12285K [0x00000000d6800000, 0x00000000d7a00000, 0x00000000e0e00000)
  eden space 14848K,  82% used [0x00000000d6800000, 0x00000000d73ff120, 0x00000000d7680000)
  from space 1792K,   0% used [0x00000000d7840000, 0x00000000d78403f8, 0x00000000d7a00000)
  to   space 1792K,   0% used [0x00000000d7680000, 0x00000000d7680000, 0x00000000d7840000)
 tenured generation   total 36784K, used 35095K [0x00000000e0e00000, 0x00000000e31ec000, 0x00000000f5a00000)
   the space 36784K,  95% used [0x00000000e0e00000, 0x00000000e3045f98, 0x00000000e3046000, 0x00000000e31ec000)
 compacting perm gen  total 21568K, used 21342K [0x00000000f5a00000, 0x00000000f6f10000, 0x0000000100000000)
   the space 21568K,  98% used [0x00000000f5a00000, 0x00000000f6ed78d0, 0x00000000f6ed7a00, 0x00000000f6f10000)
No shared spaces configured.

