# JRE version: OpenJDK Runtime Environment (7.0_75-b13) (build 1.7.0_75-b13)
# Java VM: OpenJDK 64-Bit Server VM (24.75-b04 mixed mode linux-amd64 compressed oops)
Heap
 def new generation   total 7424K, used 0K [0x00000000d6800000, 0x00000000d7000000, 0x00000000e0e00000)
  eden space 6656K,   0% used [0x00000000d6800000, 0x00000000d6800000, 0x00000000d6e80000)
  from space 768K,   0% used [0x00000000d6e80000, 0x00000000d6e80000, 0x00000000d6f40000)
  to   space 768K,   0% used [0x00000000d6f40000, 0x00000000d6f40000, 0x00000000d7000000)
 tenured generation   total 16736K, used 15443K [0x00000000e0e00000, 0x00000000e1e58000, 0x00000000f5a00000)
   the space 16736K,  92% used [0x00000000e0e00000, 0x00000000e1d14f08, 0x00000000e1d15000, 0x00000000e1e58000)
 compacting perm gen  total 21248K, used 21163K [0x00000000f5a00000, 0x00000000f6ec0000, 0x0000000100000000)
   the space 21248K,  99% used [0x00000000f5a00000, 0x00000000f6eaaf68, 0x00000000f6eab000, 0x00000000f6ec0000)
GC Heap History (10 events):
Event: 17.827 GC heap after
Heap after GC invocations=377 (full 2):
 def new generation   total 7424K, used 3K [0x00000000d6800000, 0x00000000d7000000, 0x00000000e0e00000)
  eden space 6656K,   0% used [0x00000000d6800000, 0x00000000d6800000, 0x00000000d6e80000)
  from space 768K,   0% used [0x00000000d6f40000, 0x00000000d6f40c30, 0x00000000d7000000)
  to   space 768K,   0% used [0x00000000d6e80000, 0x00000000d6e80000, 0x00000000d6f40000)
 tenured generation   total 16352K, used 15358K [0x00000000e0e00000, 0x00000000e1df8000, 0x00000000f5a00000)
   the space 16352K,  93% used [0x00000000e0e00000, 0x00000000e1cffa30, 0x00000000e1cffc00, 0x00000000e1df8000)
 compacting perm gen  total 21248K, used 20998K [0x00000000f5a00000, 0x00000000f6ec0000, 0x0000000100000000)
   the space 21248K,  98% used [0x00000000f5a00000, 0x00000000f6e81b98, 0x00000000f6e81c00, 0x00000000f6ec0000)
No shared spaces configured.
}
Event: 17.960 GC heap before
{Heap before GC invocations=377 (full 2):
 def new generation   total 7424K, used 6659K [0x00000000d6800000, 0x00000000d7000000, 0x00000000e0e00000)
  eden space 6656K, 100% used [0x00000000d6800000, 0x00000000d6e80000, 0x00000000d6e80000)
  from space 768K,   0% used [0x00000000d6f40000, 0x00000000d6f40c30, 0x00000000d7000000)
  to   space 768K,   0% used [0x00000000d6e80000, 0x00000000d6e80000, 0x00000000d6f40000)
 tenured generation   total 16352K, used 15358K [0x00000000e0e00000, 0x00000000e1df8000, 0x00000000f5a00000)
   the space 16352K,  93% used [0x00000000e0e00000, 0x00000000e1cffa30, 0x00000000e1cffc00, 0x00000000e1df8000)
 compacting perm gen  total 21248K, used 21003K [0x00000000f5a00000, 0x00000000f6ec0000, 0x0000000100000000)
   the space 21248K,  98% used [0x00000000f5a00000, 0x00000000f6e82ef0, 0x00000000f6e83000, 0x00000000f6ec0000)
No shared spaces configured.
Event: 17.961 GC heap after
Heap after GC invocations=378 (full 2):
 def new generation   total 7424K, used 5K [0x00000000d6800000, 0x00000000d7000000, 0x00000000e0e00000)
  eden space 6656K,   0% used [0x00000000d6800000, 0x00000000d6800000, 0x00000000d6e80000)
  from space 768K,   0% used [0x00000000d6e80000, 0x00000000d6e814d8, 0x00000000d6f40000)
  to   space 768K,   0% used [0x00000000d6f40000, 0x00000000d6f40000, 0x00000000d7000000)
 tenured generation   total 16352K, used 15358K [0x00000000e0e00000, 0x00000000e1df8000, 0x00000000f5a00000)
   the space 16352K,  93% used [0x00000000e0e00000, 0x00000000e1cffa30, 0x00000000e1cffc00, 0x00000000e1df8000)
 compacting perm gen  total 21248K, used 21003K [0x00000000f5a00000, 0x00000000f6ec0000, 0x0000000100000000)
   the space 21248K,  98% used [0x00000000f5a00000, 0x00000000f6e82ef0, 0x00000000f6e83000, 0x00000000f6ec0000)
No shared spaces configured.
}
Event: 18.063 GC heap before
{Heap before GC invocations=378 (full 2):
 def new generation   total 7424K, used 6661K [0x00000000d6800000, 0x00000000d7000000, 0x00000000e0e00000)
  eden space 6656K, 100% used [0x00000000d6800000, 0x00000000d6e80000, 0x00000000d6e80000)
  from space 768K,   0% used [0x00000000d6e80000, 0x00000000d6e814d8, 0x00000000d6f40000)
  to   space 768K,   0% used [0x00000000d6f40000, 0x00000000d6f40000, 0x00000000d7000000)
 tenured generation   total 16352K, used 15358K [0x00000000e0e00000, 0x00000000e1df8000, 0x00000000f5a00000)
   the space 16352K,  93% used [0x00000000e0e00000, 0x00000000e1cffa30, 0x00000000e1cffc00, 0x00000000e1df8000)
 compacting perm gen  total 21248K, used 21042K [0x00000000f5a00000, 0x00000000f6ec0000, 0x0000000100000000)
   the space 21248K,  99% used [0x00000000f5a00000, 0x00000000f6e8cb30, 0x00000000f6e8cc00, 0x00000000f6ec0000)
No shared spaces configured.
Event: 18.064 GC heap after
Heap after GC invocations=379 (full 2):
 def new generation   total 7424K, used 68K [0x00000000d6800000, 0x00000000d7000000, 0x00000000e0e00000)
  eden space 6656K,   0% used [0x00000000d6800000, 0x00000000d6800000, 0x00000000d6e80000)
  from space 768K,   8% used [0x00000000d6f40000, 0x00000000d6f51170, 0x00000000d7000000)
  to   space 768K,   0% used [0x00000000d6e80000, 0x00000000d6e80000, 0x00000000d6f40000)
 tenured generation   total 16352K, used 15358K [0x00000000e0e00000, 0x00000000e1df8000, 0x00000000f5a00000)
   the space 16352K,  93% used [0x00000000e0e00000, 0x00000000e1cffa30, 0x00000000e1cffc00, 0x00000000e1df8000)
 compacting perm gen  total 21248K, used 21042K [0x00000000f5a00000, 0x00000000f6ec0000, 0x0000000100000000)
   the space 21248K,  99% used [0x00000000f5a00000, 0x00000000f6e8cb30, 0x00000000f6e8cc00, 0x00000000f6ec0000)
No shared spaces configured.
}
Event: 18.100 GC heap before
{Heap before GC invocations=379 (full 2):
 def new generation   total 7424K, used 4699K [0x00000000d6800000, 0x00000000d7000000, 0x00000000e0e00000)
  eden space 6656K,  69% used [0x00000000d6800000, 0x00000000d6c85e68, 0x00000000d6e80000)
  from space 768K,   8% used [0x00000000d6f40000, 0x00000000d6f51170, 0x00000000d7000000)
  to   space 768K,   0% used [0x00000000d6e80000, 0x00000000d6e80000, 0x00000000d6f40000)
 tenured generation   total 16352K, used 15358K [0x00000000e0e00000, 0x00000000e1df8000, 0x00000000f5a00000)
   the space 16352K,  93% used [0x00000000e0e00000, 0x00000000e1cffa30, 0x00000000e1cffc00, 0x00000000e1df8000)
 compacting perm gen  total 21248K, used 21059K [0x00000000f5a00000, 0x00000000f6ec0000, 0x0000000100000000)
   the space 21248K,  99% used [0x00000000f5a00000, 0x00000000f6e90e98, 0x00000000f6e91000, 0x00000000f6ec0000)
No shared spaces configured.
Event: 18.184 GC heap after
Heap after GC invocations=380 (full 3):
 def new generation   total 7424K, used 0K [0x00000000d6800000, 0x00000000d7000000, 0x00000000e0e00000)
  eden space 6656K,   0% used [0x00000000d6800000, 0x00000000d6800000, 0x00000000d6e80000)
  from space 768K,   0% used [0x00000000d6e80000, 0x00000000d6e80000, 0x00000000d6f40000)
  to   space 768K,   0% used [0x00000000d6f40000, 0x00000000d6f40000, 0x00000000d7000000)
 tenured generation   total 16352K, used 9352K [0x00000000e0e00000, 0x00000000e1df8000, 0x00000000f5a00000)
   the space 16352K,  57% used [0x00000000e0e00000, 0x00000000e17220f0, 0x00000000e1722200, 0x00000000e1df8000)
 compacting perm gen  total 21248K, used 21059K [0x00000000f5a00000, 0x00000000f6ec0000, 0x0000000100000000)
   the space 21248K,  99% used [0x00000000f5a00000, 0x00000000f6e90e98, 0x00000000f6e91000, 0x00000000f6ec0000)
No shared spaces configured.
}
Event: 18.588 GC heap before
{Heap before GC invocations=380 (full 3):
 def new generation   total 7424K, used 6656K [0x00000000d6800000, 0x00000000d7000000, 0x00000000e0e00000)
  eden space 6656K, 100% used [0x00000000d6800000, 0x00000000d6e80000, 0x00000000d6e80000)
  from space 768K,   0% used [0x00000000d6e80000, 0x00000000d6e80000, 0x00000000d6f40000)
  to   space 768K,   0% used [0x00000000d6f40000, 0x00000000d6f40000, 0x00000000d7000000)
 tenured generation   total 16352K, used 9352K [0x00000000e0e00000, 0x00000000e1df8000, 0x00000000f5a00000)
   the space 16352K,  57% used [0x00000000e0e00000, 0x00000000e17220f0, 0x00000000e1722200, 0x00000000e1df8000)
 compacting perm gen  total 21248K, used 21076K [0x00000000f5a00000, 0x00000000f6ec0000, 0x0000000100000000)
   the space 21248K,  99% used [0x00000000f5a00000, 0x00000000f6e95100, 0x00000000f6e95200, 0x00000000f6ec0000)
No shared spaces configured.
Event: 18.591 GC heap after
Heap after GC invocations=381 (full 3):
 def new generation   total 7424K, used 768K [0x00000000d6800000, 0x00000000d7000000, 0x00000000e0e00000)
  eden space 6656K,   0% used [0x00000000d6800000, 0x00000000d6800000, 0x00000000d6e80000)
  from space 768K, 100% used [0x00000000d6f40000, 0x00000000d7000000, 0x00000000d7000000)
  to   space 768K,   0% used [0x00000000d6e80000, 0x00000000d6e80000, 0x00000000d6f40000)
 tenured generation   total 16352K, used 12542K [0x00000000e0e00000, 0x00000000e1df8000, 0x00000000f5a00000)
   the space 16352K,  76% used [0x00000000e0e00000, 0x00000000e1a3fb08, 0x00000000e1a3fc00, 0x00000000e1df8000)
 compacting perm gen  total 21248K, used 21076K [0x00000000f5a00000, 0x00000000f6ec0000, 0x0000000100000000)
   the space 21248K,  99% used [0x00000000f5a00000, 0x00000000f6e95100, 0x00000000f6e95200, 0x00000000f6ec0000)
No shared spaces configured.
}
Event: 19.341 GC heap before
{Heap before GC invocations=381 (full 3):
 def new generation   total 7424K, used 7424K [0x00000000d6800000, 0x00000000d7000000, 0x00000000e0e00000)
  eden space 6656K, 100% used [0x00000000d6800000, 0x00000000d6e80000, 0x00000000d6e80000)
  from space 768K, 100% used [0x00000000d6f40000, 0x00000000d7000000, 0x00000000d7000000)
  to   space 768K,   0% used [0x00000000d6e80000, 0x00000000d6e80000, 0x00000000d6f40000)
 tenured generation   total 16352K, used 12542K [0x00000000e0e00000, 0x00000000e1df8000, 0x00000000f5a00000)
   the space 16352K,  76% used [0x00000000e0e00000, 0x00000000e1a3fb08, 0x00000000e1a3fc00, 0x00000000e1df8000)
 compacting perm gen  total 21248K, used 21195K [0x00000000f5a00000, 0x00000000f6ec0000, 0x0000000100000000)
   the space 21248K,  99% used [0x00000000f5a00000, 0x00000000f6eb2f20, 0x00000000f6eb3000, 0x00000000f6ec0000)
No shared spaces configured.

